2020-12-08 11:18:58.920  INFO 13636 --- [restartedMain] com.example.classroom.Application        : Starting Application on Я-ПК with PID 13636 (started by Я in C:\Users\Я\IdeaProjects\classroom)
2020-12-08 11:18:58.934  INFO 13636 --- [restartedMain] com.example.classroom.Application        : No active profile set, falling back to default profiles: default
2020-12-08 11:18:59.126  INFO 13636 --- [restartedMain] ConfigServletWebServerApplicationContext : Refreshing org.springframework.boot.web.servlet.context.AnnotationConfigServletWebServerApplicationContext@37603fb2: startup date [Tue Dec 08 11:18:59 EET 2020]; root of context hierarchy
2020-12-08 11:19:02.169  INFO 13636 --- [restartedMain] trationDelegate$BeanPostProcessorChecker : Bean 'org.springframework.ws.config.annotation.DelegatingWsConfiguration' of type [org.springframework.ws.config.annotation.DelegatingWsConfiguration$$EnhancerBySpringCGLIB$$99cfbdb3] is not eligible for getting processed by all BeanPostProcessors (for example: not eligible for auto-proxying)
2020-12-08 11:19:02.432  INFO 13636 --- [restartedMain] .w.s.a.s.AnnotationActionEndpointMapping : Supporting [WS-Addressing August 2004, WS-Addressing 1.0]
2020-12-08 11:19:02.628  INFO 13636 --- [restartedMain] trationDelegate$BeanPostProcessorChecker : Bean 'org.springframework.transaction.annotation.ProxyTransactionManagementConfiguration' of type [org.springframework.transaction.annotation.ProxyTransactionManagementConfiguration$$EnhancerBySpringCGLIB$$f537f8b4] is not eligible for getting processed by all BeanPostProcessors (for example: not eligible for auto-proxying)
2020-12-08 11:19:03.039  INFO 13636 --- [restartedMain] trationDelegate$BeanPostProcessorChecker : Bean 'org.springframework.security.config.annotation.configuration.ObjectPostProcessorConfiguration' of type [org.springframework.security.config.annotation.configuration.ObjectPostProcessorConfiguration$$EnhancerBySpringCGLIB$$8de5c0ee] is not eligible for getting processed by all BeanPostProcessors (for example: not eligible for auto-proxying)
2020-12-08 11:19:03.086  INFO 13636 --- [restartedMain] trationDelegate$BeanPostProcessorChecker : Bean 'objectPostProcessor' of type [org.springframework.security.config.annotation.configuration.AutowireBeanFactoryObjectPostProcessor] is not eligible for getting processed by all BeanPostProcessors (for example: not eligible for auto-proxying)
2020-12-08 11:19:03.102  INFO 13636 --- [restartedMain] trationDelegate$BeanPostProcessorChecker : Bean 'org.springframework.security.access.expression.method.DefaultMethodSecurityExpressionHandler@4409633c' of type [org.springframework.security.access.expression.method.DefaultMethodSecurityExpressionHandler] is not eligible for getting processed by all BeanPostProcessors (for example: not eligible for auto-proxying)
2020-12-08 11:19:03.122  INFO 13636 --- [restartedMain] trationDelegate$BeanPostProcessorChecker : Bean 'org.springframework.security.config.annotation.method.configuration.GlobalMethodSecurityConfiguration' of type [org.springframework.security.config.annotation.method.configuration.GlobalMethodSecurityConfiguration$$EnhancerBySpringCGLIB$$b2ba63a0] is not eligible for getting processed by all BeanPostProcessors (for example: not eligible for auto-proxying)
2020-12-08 11:19:03.144  INFO 13636 --- [restartedMain] trationDelegate$BeanPostProcessorChecker : Bean 'methodSecurityMetadataSource' of type [org.springframework.security.access.method.DelegatingMethodSecurityMetadataSource] is not eligible for getting processed by all BeanPostProcessors (for example: not eligible for auto-proxying)
2020-12-08 11:19:03.780  INFO 13636 --- [restartedMain] o.s.b.w.embedded.tomcat.TomcatWebServer  : Tomcat initialized with port(s): 8080 (http)
2020-12-08 11:19:03.814  INFO 13636 --- [restartedMain] o.apache.catalina.core.StandardService   : Starting service [Tomcat]
2020-12-08 11:19:03.815  INFO 13636 --- [restartedMain] org.apache.catalina.core.StandardEngine  : Starting Servlet Engine: Apache Tomcat/8.5.28
2020-12-08 11:19:03.823  INFO 13636 --- [localhost-startStop-1] o.a.catalina.core.AprLifecycleListener   : The APR based Apache Tomcat Native library which allows optimal performance in production environments was not found on the java.library.path: [C:\Program Files\JetBrains\IntelliJ IDEA 2019.3.2\jbr\bin;C:\WINDOWS\Sun\Java\bin;C:\WINDOWS\system32;C:\WINDOWS;C:\Program Files (x86)\Common Files\Oracle\Java\javapath;C:\Program Files (x86)\Intel\iCLS Client\;C:\Program Files\Intel\iCLS Client\;C:\Program Files (x86)\NVIDIA Corporation\PhysX\Common;C:\Program Files\Broadcom\Broadcom 802.11 Network Adapter\Driver;C:\WINDOWS\SYSTEM32;C:\WINDOWS;C:\WINDOWS\SYSTEM32\WBEM;C:\WINDOWS\SYSTEM32\WINDOWSPOWERSHELL\V1.0\;C:\Program Files\Lenovo\Bluetooth Software\;C:\Program Files\Lenovo\Bluetooth Software\syswow64;C:\Program Files (x86)\Intel\OpenCL SDK\2.0\bin\x86;C:\Program Files (x86)\Intel\OpenCL SDK\2.0\bin\x64;C:\Program Files\Intel\Intel(R) Management Engine Components\DAL;C:\Program Files\Intel\Intel(R) Management Engine Components\IPT;C:\Program Files (x86)\Intel\Intel(R) Management Engine Components\DAL;C:\Program Files (x86)\Intel\Intel(R) Management Engine Components\IPT;C:\WINDOWS\system32;C:\WINDOWS;C:\WINDOWS\System32\Wbem;C:\WINDOWS\System32\WindowsPowerShell\v1.0\;C:\WINDOWS\System32\OpenSSH\;D:\Programs\Putty\;C:\Program Files\Git\cmd;D:\Programs\Mathlab\runtime\win64;D:\Programs\Mathlab\bin;D:\Programs\Matlab\runtime\win64;D:\Programs\Matlab\bin;C:\Program Files\nodejs\;C:\Program Files\MySQL\MySQL Shell 8.0\bin\;C:\Users\Я\AppData\Local\Microsoft\WindowsApps;;C:\Program Files\JetBrains\IntelliJ IDEA 2019.3.2\bin;;C:\Users\Я\AppData\Roaming\npm;.]
2020-12-08 11:19:04.010  INFO 13636 --- [localhost-startStop-1] o.a.c.c.C.[Tomcat].[localhost].[/]       : Initializing Spring embedded WebApplicationContext
2020-12-08 11:19:04.011  INFO 13636 --- [localhost-startStop-1] o.s.web.context.ContextLoader            : Root WebApplicationContext: initialization completed in 4885 ms
2020-12-08 11:19:04.309  INFO 13636 --- [localhost-startStop-1] o.s.b.w.servlet.FilterRegistrationBean   : Mapping filter: 'characterEncodingFilter' to: [/*]
2020-12-08 11:19:04.310  INFO 13636 --- [localhost-startStop-1] o.s.b.w.servlet.FilterRegistrationBean   : Mapping filter: 'hiddenHttpMethodFilter' to: [/*]
2020-12-08 11:19:04.310  INFO 13636 --- [localhost-startStop-1] o.s.b.w.servlet.FilterRegistrationBean   : Mapping filter: 'httpPutFormContentFilter' to: [/*]
2020-12-08 11:19:04.311  INFO 13636 --- [localhost-startStop-1] o.s.b.w.servlet.FilterRegistrationBean   : Mapping filter: 'requestContextFilter' to: [/*]
2020-12-08 11:19:04.312  INFO 13636 --- [localhost-startStop-1] .s.DelegatingFilterProxyRegistrationBean : Mapping filter: 'springSecurityFilterChain' to: [/*]
2020-12-08 11:19:04.313  INFO 13636 --- [localhost-startStop-1] o.s.b.w.servlet.ServletRegistrationBean  : Servlet dispatcherServlet mapped to [/]
2020-12-08 11:19:04.316  INFO 13636 --- [localhost-startStop-1] o.s.b.w.servlet.ServletRegistrationBean  : Servlet messageDispatcherServlet mapped to [/services/*]
2020-12-08 11:19:04.540  INFO 13636 --- [restartedMain] com.zaxxer.hikari.HikariDataSource       : HikariPool-1 - Starting...
2020-12-08 11:19:04.728  INFO 13636 --- [restartedMain] com.zaxxer.hikari.HikariDataSource       : HikariPool-1 - Start completed.
2020-12-08 11:19:04.814  INFO 13636 --- [restartedMain] j.LocalContainerEntityManagerFactoryBean : Building JPA container EntityManagerFactory for persistence unit 'default'
2020-12-08 11:19:04.835  INFO 13636 --- [restartedMain] o.hibernate.jpa.internal.util.LogHelper  : HHH000204: Processing PersistenceUnitInfo [
	name: default
	...]
2020-12-08 11:19:04.981  INFO 13636 --- [restartedMain] org.hibernate.Version                    : HHH000412: Hibernate Core {5.2.14.Final}
2020-12-08 11:19:04.984  INFO 13636 --- [restartedMain] org.hibernate.cfg.Environment            : HHH000206: hibernate.properties not found
2020-12-08 11:19:05.053  INFO 13636 --- [restartedMain] o.hibernate.annotations.common.Version   : HCANN000001: Hibernate Commons Annotations {5.0.1.Final}
2020-12-08 11:19:05.284  INFO 13636 --- [restartedMain] org.hibernate.dialect.Dialect            : HHH000400: Using dialect: org.hibernate.dialect.MySQL5Dialect
2020-12-08 11:19:07.692  INFO 13636 --- [restartedMain] j.LocalContainerEntityManagerFactoryBean : Initialized JPA EntityManagerFactory for persistence unit 'default'
2020-12-08 11:19:09.140  INFO 13636 --- [restartedMain] o.s.s.web.DefaultSecurityFilterChain     : Creating filter chain: org.springframework.security.web.util.matcher.AnyRequestMatcher@1, [org.springframework.security.web.context.request.async.WebAsyncManagerIntegrationFilter@154f6a0d, org.springframework.security.web.context.SecurityContextPersistenceFilter@1bdeb5f4, org.springframework.security.web.header.HeaderWriterFilter@5f582971, org.springframework.security.web.csrf.CsrfFilter@49d06082, org.springframework.security.web.authentication.logout.LogoutFilter@5925c763, org.springframework.security.web.authentication.UsernamePasswordAuthenticationFilter@102f3a07, org.springframework.security.web.savedrequest.RequestCacheAwareFilter@2608b199, org.springframework.security.web.servletapi.SecurityContextHolderAwareRequestFilter@20fa9467, org.springframework.security.web.authentication.AnonymousAuthenticationFilter@3a609e9d, org.springframework.security.web.session.SessionManagementFilter@1ad79c2d, org.springframework.security.web.access.ExceptionTranslationFilter@5716e4e3, org.springframework.security.web.access.intercept.FilterSecurityInterceptor@221e82ff]
2020-12-08 11:19:09.850  INFO 13636 --- [restartedMain] s.w.s.m.m.a.RequestMappingHandlerAdapter : Looking for @ControllerAdvice: org.springframework.boot.web.servlet.context.AnnotationConfigServletWebServerApplicationContext@37603fb2: startup date [Tue Dec 08 11:18:59 EET 2020]; root of context hierarchy
2020-12-08 11:19:09.959  WARN 13636 --- [restartedMain] aWebConfiguration$JpaWebMvcConfiguration : spring.jpa.open-in-view is enabled by default. Therefore, database queries may be performed during view rendering. Explicitly configure spring.jpa.open-in-view to disable this warning
2020-12-08 11:19:10.029  INFO 13636 --- [restartedMain] s.w.s.m.m.a.RequestMappingHandlerMapping : Mapped "{[/panel],methods=[GET]}" onto public java.lang.String com.example.classroom.controller.AdminMainController.m(org.springframework.ui.Model)
2020-12-08 11:19:10.032  INFO 13636 --- [restartedMain] s.w.s.m.m.a.RequestMappingHandlerMapping : Mapped "{[/panel/coupCreate],methods=[POST]}" onto public java.lang.String com.example.classroom.controller.AdminMainController.addProd(com.example.classroom.domain.Couples,com.example.classroom.domain.Sbjct,com.example.classroom.domain.Groups,int,org.springframework.ui.Model) throws java.io.IOException
2020-12-08 11:19:10.034  INFO 13636 --- [restartedMain] s.w.s.m.m.a.RequestMappingHandlerMapping : Mapped "{[/panel/coupNow],methods=[GET]}" onto public java.lang.String com.example.classroom.controller.AdminMainController.greet(org.springframework.ui.Model)
2020-12-08 11:19:10.035  INFO 13636 --- [restartedMain] s.w.s.m.m.a.RequestMappingHandlerMapping : Mapped "{[/panel/createcoup],methods=[GET]}" onto public java.lang.String com.example.classroom.controller.AdminMainController.greeting(org.springframework.ui.Model)
2020-12-08 11:19:10.035  INFO 13636 --- [restartedMain] s.w.s.m.m.a.RequestMappingHandlerMapping : Mapped "{[/panel/coupNow/{couples}],methods=[GET]}" onto public java.lang.String com.example.classroom.controller.AdminMainController.gree(com.example.classroom.domain.Couples,org.springframework.ui.Model)
2020-12-08 11:19:10.038  INFO 13636 --- [restartedMain] s.w.s.m.m.a.RequestMappingHandlerMapping : Mapped "{[/panel/coupNow/{couples}],methods=[POST]}" onto public java.lang.String com.example.classroom.controller.AdminMainController.gre(com.example.classroom.domain.Couples,org.springframework.ui.Model)
2020-12-08 11:19:10.041  INFO 13636 --- [restartedMain] s.w.s.m.m.a.RequestMappingHandlerMapping : Mapped "{[/menu],methods=[GET]}" onto public java.lang.String com.example.classroom.controller.MainController.main(org.springframework.ui.Model)
2020-12-08 11:19:10.043  INFO 13636 --- [restartedMain] s.w.s.m.m.a.RequestMappingHandlerMapping : Mapped "{[/],methods=[GET]}" onto public java.lang.String com.example.classroom.controller.MainController.greeting(org.springframework.ui.Model,org.apache.catalina.servlet4preview.http.HttpServletRequest)
2020-12-08 11:19:10.045  INFO 13636 --- [restartedMain] s.w.s.m.m.a.RequestMappingHandlerMapping : Mapped "{[/myAccount],methods=[GET]}" onto public java.lang.String com.example.classroom.controller.MyAccountController.gr(org.springframework.ui.Model) throws java.io.IOException
2020-12-08 11:19:10.046  INFO 13636 --- [restartedMain] s.w.s.m.m.a.RequestMappingHandlerMapping : Mapped "{[/myAccount],methods=[POST]}" onto public java.lang.String com.example.classroom.controller.MyAccountController.gr(java.lang.String,java.lang.String,java.lang.String,java.lang.String,java.lang.String,java.util.Map<java.lang.String, java.lang.String>,com.example.classroom.domain.User,org.springframework.ui.Model)
2020-12-08 11:19:10.053  INFO 13636 --- [restartedMain] s.w.s.m.m.a.RequestMappingHandlerMapping : Mapped "{[/login],methods=[POST]}" onto public void com.example.classroom.controller.RegistrationController.a()
2020-12-08 11:19:10.055  INFO 13636 --- [restartedMain] s.w.s.m.m.a.RequestMappingHandlerMapping : Mapped "{[/activate/{code}],methods=[GET]}" onto public java.lang.String com.example.classroom.controller.RegistrationController.activate(org.springframework.ui.Model,java.lang.String,com.example.classroom.domain.User)
2020-12-08 11:19:10.055  INFO 13636 --- [restartedMain] s.w.s.m.m.a.RequestMappingHandlerMapping : Mapped "{[/registration],methods=[GET]}" onto public java.lang.String com.example.classroom.controller.RegistrationController.registration()
2020-12-08 11:19:10.059  INFO 13636 --- [restartedMain] s.w.s.m.m.a.RequestMappingHandlerMapping : Mapped "{[/registration],methods=[POST]}" onto public java.lang.String com.example.classroom.controller.RegistrationController.addUser(java.lang.String,java.lang.String,java.lang.String,java.lang.String,java.lang.String,com.example.classroom.domain.User,java.util.Map<java.lang.String, java.lang.Object>,javax.servlet.http.HttpServletRequest)
2020-12-08 11:19:10.075  INFO 13636 --- [restartedMain] s.w.s.m.m.a.RequestMappingHandlerMapping : Mapped "{[/logout],methods=[GET]}" onto public java.lang.String com.example.classroom.controller.RegistrationController.menuuu()
2020-12-08 11:19:10.080  INFO 13636 --- [restartedMain] s.w.s.m.m.a.RequestMappingHandlerMapping : Mapped "{[/login],methods=[GET]}" onto public java.lang.String com.example.classroom.controller.RegistrationController.menu(javax.servlet.http.HttpServletRequest)
2020-12-08 11:19:10.083  INFO 13636 --- [restartedMain] s.w.s.m.m.a.RequestMappingHandlerMapping : Mapped "{[/user],methods=[GET]}" onto public java.lang.String com.example.classroom.controller.UserController.userList(org.springframework.ui.Model)
2020-12-08 11:19:10.084  INFO 13636 --- [restartedMain] s.w.s.m.m.a.RequestMappingHandlerMapping : Mapped "{[/user/{user}],methods=[GET]}" onto public java.lang.String com.example.classroom.controller.UserController.userEditForm(com.example.classroom.domain.User,org.springframework.ui.Model)
2020-12-08 11:19:10.086  INFO 13636 --- [restartedMain] s.w.s.m.m.a.RequestMappingHandlerMapping : Mapped "{[/user],methods=[POST]}" onto public java.lang.String com.example.classroom.controller.UserController.userSave(java.lang.String,java.lang.String,java.lang.String,java.lang.String,java.lang.String,java.util.Map<java.lang.String, java.lang.String>,com.example.classroom.domain.User)
2020-12-08 11:19:10.099  INFO 13636 --- [restartedMain] s.w.s.m.m.a.RequestMappingHandlerMapping : Mapped "{[/coupl],methods=[GET]}" onto public java.lang.String com.example.classroom.controller.UserMainController.m(org.springframework.ui.Model)
2020-12-08 11:19:10.106  INFO 13636 --- [restartedMain] s.w.s.m.m.a.RequestMappingHandlerMapping : Mapped "{[/coupl/myQR],methods=[GET]}" onto public java.lang.String com.example.classroom.controller.UserMainController.mh(org.springframework.ui.Model)
2020-12-08 11:19:10.108  INFO 13636 --- [restartedMain] s.w.s.m.m.a.RequestMappingHandlerMapping : Mapped "{[/coupl/{couples}/stop],methods=[GET]}" onto public java.lang.String com.example.classroom.controller.UserMainController.productEditFo(com.example.classroom.domain.Couples,org.springframework.ui.Model)
2020-12-08 11:19:10.108  INFO 13636 --- [restartedMain] s.w.s.m.m.a.RequestMappingHandlerMapping : Mapped "{[/coupl],methods=[POST]}" onto public java.lang.String com.example.classroom.controller.UserMainController.addSt(java.lang.String,java.lang.Long,java.lang.String,java.lang.String,java.lang.String,org.springframework.ui.Model) throws java.io.IOException
2020-12-08 11:19:10.108  INFO 13636 --- [restartedMain] s.w.s.m.m.a.RequestMappingHandlerMapping : Mapped "{[/coupl/{couples}],methods=[GET]}" onto public java.lang.String com.example.classroom.controller.UserMainController.productEditForm(com.example.classroom.domain.Couples,org.springframework.ui.Model)
2020-12-08 11:19:10.113  INFO 13636 --- [restartedMain] s.w.s.m.m.a.RequestMappingHandlerMapping : Mapped "{[/error]}" onto public org.springframework.http.ResponseEntity<java.util.Map<java.lang.String, java.lang.Object>> org.springframework.boot.autoconfigure.web.servlet.error.BasicErrorController.error(javax.servlet.http.HttpServletRequest)
2020-12-08 11:19:10.115  INFO 13636 --- [restartedMain] s.w.s.m.m.a.RequestMappingHandlerMapping : Mapped "{[/error],produces=[text/html]}" onto public org.springframework.web.servlet.ModelAndView org.springframework.boot.autoconfigure.web.servlet.error.BasicErrorController.errorHtml(javax.servlet.http.HttpServletRequest,javax.servlet.http.HttpServletResponse)
2020-12-08 11:19:10.178  INFO 13636 --- [restartedMain] o.s.w.s.handler.SimpleUrlHandlerMapping  : Mapped URL path [/login] onto handler of type [class org.springframework.web.servlet.mvc.ParameterizableViewController]
2020-12-08 11:19:10.223  INFO 13636 --- [restartedMain] o.s.w.s.handler.SimpleUrlHandlerMapping  : Mapped URL path [/static/**] onto handler of type [class org.springframework.web.servlet.resource.ResourceHttpRequestHandler]
2020-12-08 11:19:10.224  INFO 13636 --- [restartedMain] o.s.w.s.handler.SimpleUrlHandlerMapping  : Mapped URL path [/webjars/**] onto handler of type [class org.springframework.web.servlet.resource.ResourceHttpRequestHandler]
2020-12-08 11:19:10.224  INFO 13636 --- [restartedMain] o.s.w.s.handler.SimpleUrlHandlerMapping  : Mapped URL path [/**] onto handler of type [class org.springframework.web.servlet.resource.ResourceHttpRequestHandler]
2020-12-08 11:19:10.353  INFO 13636 --- [restartedMain] o.s.w.s.handler.SimpleUrlHandlerMapping  : Mapped URL path [/**/favicon.ico] onto handler of type [class org.springframework.web.servlet.resource.ResourceHttpRequestHandler]
2020-12-08 11:19:10.808  INFO 13636 --- [restartedMain] o.s.w.s.v.f.FreeMarkerConfigurer         : ClassTemplateLoader for Spring macros added to FreeMarker configuration
2020-12-08 11:19:11.055  INFO 13636 --- [restartedMain] o.s.b.d.a.OptionalLiveReloadServer       : LiveReload server is running on port 35729
2020-12-08 11:19:11.158  INFO 13636 --- [restartedMain] o.s.j.e.a.AnnotationMBeanExporter        : Registering beans for JMX exposure on startup
2020-12-08 11:19:11.160  INFO 13636 --- [restartedMain] o.s.j.e.a.AnnotationMBeanExporter        : Bean with name 'dataSource' has been autodetected for JMX exposure
2020-12-08 11:19:11.170  INFO 13636 --- [restartedMain] o.s.j.e.a.AnnotationMBeanExporter        : Located MBean 'dataSource': registering with JMX server as MBean [com.zaxxer.hikari:name=dataSource,type=HikariDataSource]
2020-12-08 11:19:11.221  INFO 13636 --- [restartedMain] o.s.b.w.embedded.tomcat.TomcatWebServer  : Tomcat started on port(s): 8080 (http) with context path ''
2020-12-08 11:19:11.228  INFO 13636 --- [restartedMain] com.example.classroom.Application        : Started Application in 13.175 seconds (JVM running for 15.942)
2020-12-08 11:19:11.422  INFO 13636 --- [http-nio-8080-exec-1] o.a.c.c.C.[Tomcat].[localhost].[/]       : Initializing Spring FrameworkServlet 'dispatcherServlet'
2020-12-08 11:19:11.423  INFO 13636 --- [http-nio-8080-exec-1] o.s.web.servlet.DispatcherServlet        : FrameworkServlet 'dispatcherServlet': initialization started
2020-12-08 11:19:11.450  INFO 13636 --- [http-nio-8080-exec-1] o.s.web.servlet.DispatcherServlet        : FrameworkServlet 'dispatcherServlet': initialization completed in 27 ms
2020-12-08 11:19:11.724  WARN 13636 --- [http-nio-8080-exec-1] o.a.c.util.SessionIdGeneratorBase        : Creation of SecureRandom instance for session ID generation using [SHA1PRNG] took [210] milliseconds.
2020-12-08 11:20:04.278  INFO 2176 --- [restartedMain] com.example.classroom.Application        : Starting Application on Я-ПК with PID 2176 (started by Я in C:\Users\Я\IdeaProjects\classroom)
2020-12-08 11:20:04.280  INFO 2176 --- [restartedMain] com.example.classroom.Application        : No active profile set, falling back to default profiles: default
2020-12-08 11:20:04.397  INFO 2176 --- [restartedMain] ConfigServletWebServerApplicationContext : Refreshing org.springframework.boot.web.servlet.context.AnnotationConfigServletWebServerApplicationContext@1a76b8ee: startup date [Tue Dec 08 11:20:04 EET 2020]; root of context hierarchy
2020-12-08 11:20:07.527  INFO 2176 --- [restartedMain] trationDelegate$BeanPostProcessorChecker : Bean 'org.springframework.ws.config.annotation.DelegatingWsConfiguration' of type [org.springframework.ws.config.annotation.DelegatingWsConfiguration$$EnhancerBySpringCGLIB$$4164160d] is not eligible for getting processed by all BeanPostProcessors (for example: not eligible for auto-proxying)
2020-12-08 11:20:07.593  INFO 2176 --- [restartedMain] .w.s.a.s.AnnotationActionEndpointMapping : Supporting [WS-Addressing August 2004, WS-Addressing 1.0]
2020-12-08 11:20:07.665  INFO 2176 --- [restartedMain] trationDelegate$BeanPostProcessorChecker : Bean 'org.springframework.transaction.annotation.ProxyTransactionManagementConfiguration' of type [org.springframework.transaction.annotation.ProxyTransactionManagementConfiguration$$EnhancerBySpringCGLIB$$9ccc510e] is not eligible for getting processed by all BeanPostProcessors (for example: not eligible for auto-proxying)
2020-12-08 11:20:07.749  INFO 2176 --- [restartedMain] trationDelegate$BeanPostProcessorChecker : Bean 'org.springframework.security.config.annotation.configuration.ObjectPostProcessorConfiguration' of type [org.springframework.security.config.annotation.configuration.ObjectPostProcessorConfiguration$$EnhancerBySpringCGLIB$$357a1948] is not eligible for getting processed by all BeanPostProcessors (for example: not eligible for auto-proxying)
2020-12-08 11:20:07.765  INFO 2176 --- [restartedMain] trationDelegate$BeanPostProcessorChecker : Bean 'objectPostProcessor' of type [org.springframework.security.config.annotation.configuration.AutowireBeanFactoryObjectPostProcessor] is not eligible for getting processed by all BeanPostProcessors (for example: not eligible for auto-proxying)
2020-12-08 11:20:07.770  INFO 2176 --- [restartedMain] trationDelegate$BeanPostProcessorChecker : Bean 'org.springframework.security.access.expression.method.DefaultMethodSecurityExpressionHandler@2348db05' of type [org.springframework.security.access.expression.method.DefaultMethodSecurityExpressionHandler] is not eligible for getting processed by all BeanPostProcessors (for example: not eligible for auto-proxying)
2020-12-08 11:20:07.782  INFO 2176 --- [restartedMain] trationDelegate$BeanPostProcessorChecker : Bean 'org.springframework.security.config.annotation.method.configuration.GlobalMethodSecurityConfiguration' of type [org.springframework.security.config.annotation.method.configuration.GlobalMethodSecurityConfiguration$$EnhancerBySpringCGLIB$$5a4ebbfa] is not eligible for getting processed by all BeanPostProcessors (for example: not eligible for auto-proxying)
2020-12-08 11:20:07.799  INFO 2176 --- [restartedMain] trationDelegate$BeanPostProcessorChecker : Bean 'methodSecurityMetadataSource' of type [org.springframework.security.access.method.DelegatingMethodSecurityMetadataSource] is not eligible for getting processed by all BeanPostProcessors (for example: not eligible for auto-proxying)
2020-12-08 11:20:08.403  INFO 2176 --- [restartedMain] o.s.b.w.embedded.tomcat.TomcatWebServer  : Tomcat initialized with port(s): 8080 (http)
2020-12-08 11:20:08.443  INFO 2176 --- [restartedMain] o.apache.catalina.core.StandardService   : Starting service [Tomcat]
2020-12-08 11:20:08.444  INFO 2176 --- [restartedMain] org.apache.catalina.core.StandardEngine  : Starting Servlet Engine: Apache Tomcat/8.5.28
2020-12-08 11:20:08.453  INFO 2176 --- [localhost-startStop-1] o.a.catalina.core.AprLifecycleListener   : The APR based Apache Tomcat Native library which allows optimal performance in production environments was not found on the java.library.path: [C:\Program Files\JetBrains\IntelliJ IDEA 2019.3.2\jbr\bin;C:\WINDOWS\Sun\Java\bin;C:\WINDOWS\system32;C:\WINDOWS;C:\Program Files (x86)\Common Files\Oracle\Java\javapath;C:\Program Files (x86)\Intel\iCLS Client\;C:\Program Files\Intel\iCLS Client\;C:\Program Files (x86)\NVIDIA Corporation\PhysX\Common;C:\Program Files\Broadcom\Broadcom 802.11 Network Adapter\Driver;C:\WINDOWS\SYSTEM32;C:\WINDOWS;C:\WINDOWS\SYSTEM32\WBEM;C:\WINDOWS\SYSTEM32\WINDOWSPOWERSHELL\V1.0\;C:\Program Files\Lenovo\Bluetooth Software\;C:\Program Files\Lenovo\Bluetooth Software\syswow64;C:\Program Files (x86)\Intel\OpenCL SDK\2.0\bin\x86;C:\Program Files (x86)\Intel\OpenCL SDK\2.0\bin\x64;C:\Program Files\Intel\Intel(R) Management Engine Components\DAL;C:\Program Files\Intel\Intel(R) Management Engine Components\IPT;C:\Program Files (x86)\Intel\Intel(R) Management Engine Components\DAL;C:\Program Files (x86)\Intel\Intel(R) Management Engine Components\IPT;C:\WINDOWS\system32;C:\WINDOWS;C:\WINDOWS\System32\Wbem;C:\WINDOWS\System32\WindowsPowerShell\v1.0\;C:\WINDOWS\System32\OpenSSH\;D:\Programs\Putty\;C:\Program Files\Git\cmd;D:\Programs\Mathlab\runtime\win64;D:\Programs\Mathlab\bin;D:\Programs\Matlab\runtime\win64;D:\Programs\Matlab\bin;C:\Program Files\nodejs\;C:\Program Files\MySQL\MySQL Shell 8.0\bin\;C:\Users\Я\AppData\Local\Microsoft\WindowsApps;;C:\Program Files\JetBrains\IntelliJ IDEA 2019.3.2\bin;;C:\Users\Я\AppData\Roaming\npm;.]
2020-12-08 11:20:08.691  INFO 2176 --- [localhost-startStop-1] o.a.c.c.C.[Tomcat].[localhost].[/]       : Initializing Spring embedded WebApplicationContext
2020-12-08 11:20:08.692  INFO 2176 --- [localhost-startStop-1] o.s.web.context.ContextLoader            : Root WebApplicationContext: initialization completed in 4295 ms
2020-12-08 11:20:09.081  INFO 2176 --- [localhost-startStop-1] o.s.b.w.servlet.FilterRegistrationBean   : Mapping filter: 'characterEncodingFilter' to: [/*]
2020-12-08 11:20:09.082  INFO 2176 --- [localhost-startStop-1] o.s.b.w.servlet.FilterRegistrationBean   : Mapping filter: 'hiddenHttpMethodFilter' to: [/*]
2020-12-08 11:20:09.083  INFO 2176 --- [localhost-startStop-1] o.s.b.w.servlet.FilterRegistrationBean   : Mapping filter: 'httpPutFormContentFilter' to: [/*]
2020-12-08 11:20:09.083  INFO 2176 --- [localhost-startStop-1] o.s.b.w.servlet.FilterRegistrationBean   : Mapping filter: 'requestContextFilter' to: [/*]
2020-12-08 11:20:09.084  INFO 2176 --- [localhost-startStop-1] .s.DelegatingFilterProxyRegistrationBean : Mapping filter: 'springSecurityFilterChain' to: [/*]
2020-12-08 11:20:09.085  INFO 2176 --- [localhost-startStop-1] o.s.b.w.servlet.ServletRegistrationBean  : Servlet dispatcherServlet mapped to [/]
2020-12-08 11:20:09.087  INFO 2176 --- [localhost-startStop-1] o.s.b.w.servlet.ServletRegistrationBean  : Servlet messageDispatcherServlet mapped to [/services/*]
2020-12-08 11:20:09.473  INFO 2176 --- [restartedMain] com.zaxxer.hikari.HikariDataSource       : HikariPool-1 - Starting...
2020-12-08 11:20:09.648  INFO 2176 --- [restartedMain] com.zaxxer.hikari.HikariDataSource       : HikariPool-1 - Start completed.
2020-12-08 11:20:09.796  INFO 2176 --- [restartedMain] j.LocalContainerEntityManagerFactoryBean : Building JPA container EntityManagerFactory for persistence unit 'default'
2020-12-08 11:20:09.831  INFO 2176 --- [restartedMain] o.hibernate.jpa.internal.util.LogHelper  : HHH000204: Processing PersistenceUnitInfo [
	name: default
	...]
2020-12-08 11:20:09.970  INFO 2176 --- [restartedMain] org.hibernate.Version                    : HHH000412: Hibernate Core {5.2.14.Final}
2020-12-08 11:20:09.973  INFO 2176 --- [restartedMain] org.hibernate.cfg.Environment            : HHH000206: hibernate.properties not found
2020-12-08 11:20:10.043  INFO 2176 --- [restartedMain] o.hibernate.annotations.common.Version   : HCANN000001: Hibernate Commons Annotations {5.0.1.Final}
2020-12-08 11:20:10.346  INFO 2176 --- [restartedMain] org.hibernate.dialect.Dialect            : HHH000400: Using dialect: org.hibernate.dialect.MySQL5Dialect
2020-12-08 11:20:12.868  INFO 2176 --- [restartedMain] j.LocalContainerEntityManagerFactoryBean : Initialized JPA EntityManagerFactory for persistence unit 'default'
2020-12-08 11:20:14.304  INFO 2176 --- [restartedMain] o.s.s.web.DefaultSecurityFilterChain     : Creating filter chain: org.springframework.security.web.util.matcher.AnyRequestMatcher@1, [org.springframework.security.web.context.request.async.WebAsyncManagerIntegrationFilter@7f786f96, org.springframework.security.web.context.SecurityContextPersistenceFilter@68b48a2e, org.springframework.security.web.header.HeaderWriterFilter@18d9a034, org.springframework.security.web.csrf.CsrfFilter@7f2c0566, org.springframework.security.web.authentication.logout.LogoutFilter@2198a74d, org.springframework.security.web.authentication.UsernamePasswordAuthenticationFilter@39f99af4, org.springframework.security.web.savedrequest.RequestCacheAwareFilter@62192348, org.springframework.security.web.servletapi.SecurityContextHolderAwareRequestFilter@6baf5fbe, org.springframework.security.web.authentication.AnonymousAuthenticationFilter@195d1b3e, org.springframework.security.web.session.SessionManagementFilter@10cb2884, org.springframework.security.web.access.ExceptionTranslationFilter@3cf8686b, org.springframework.security.web.access.intercept.FilterSecurityInterceptor@b85b4b3]
2020-12-08 11:20:14.892  INFO 2176 --- [restartedMain] s.w.s.m.m.a.RequestMappingHandlerAdapter : Looking for @ControllerAdvice: org.springframework.boot.web.servlet.context.AnnotationConfigServletWebServerApplicationContext@1a76b8ee: startup date [Tue Dec 08 11:20:04 EET 2020]; root of context hierarchy
2020-12-08 11:20:14.958  WARN 2176 --- [restartedMain] aWebConfiguration$JpaWebMvcConfiguration : spring.jpa.open-in-view is enabled by default. Therefore, database queries may be performed during view rendering. Explicitly configure spring.jpa.open-in-view to disable this warning
2020-12-08 11:20:15.019  INFO 2176 --- [restartedMain] s.w.s.m.m.a.RequestMappingHandlerMapping : Mapped "{[/panel],methods=[GET]}" onto public java.lang.String com.example.classroom.controller.AdminMainController.m(org.springframework.ui.Model)
2020-12-08 11:20:15.022  INFO 2176 --- [restartedMain] s.w.s.m.m.a.RequestMappingHandlerMapping : Mapped "{[/panel/coupNow],methods=[GET]}" onto public java.lang.String com.example.classroom.controller.AdminMainController.greet(org.springframework.ui.Model)
2020-12-08 11:20:15.023  INFO 2176 --- [restartedMain] s.w.s.m.m.a.RequestMappingHandlerMapping : Mapped "{[/panel/coupCreate],methods=[POST]}" onto public java.lang.String com.example.classroom.controller.AdminMainController.addProd(com.example.classroom.domain.Couples,com.example.classroom.domain.Sbjct,com.example.classroom.domain.Groups,int,org.springframework.ui.Model) throws java.io.IOException
2020-12-08 11:20:15.024  INFO 2176 --- [restartedMain] s.w.s.m.m.a.RequestMappingHandlerMapping : Mapped "{[/panel/createcoup],methods=[GET]}" onto public java.lang.String com.example.classroom.controller.AdminMainController.greeting(org.springframework.ui.Model)
2020-12-08 11:20:15.025  INFO 2176 --- [restartedMain] s.w.s.m.m.a.RequestMappingHandlerMapping : Mapped "{[/panel/coupNow/{couples}],methods=[POST]}" onto public java.lang.String com.example.classroom.controller.AdminMainController.gre(com.example.classroom.domain.Couples,org.springframework.ui.Model)
2020-12-08 11:20:15.035  INFO 2176 --- [restartedMain] s.w.s.m.m.a.RequestMappingHandlerMapping : Mapped "{[/panel/coupNow/{couples}],methods=[GET]}" onto public java.lang.String com.example.classroom.controller.AdminMainController.gree(com.example.classroom.domain.Couples,org.springframework.ui.Model)
2020-12-08 11:20:15.037  INFO 2176 --- [restartedMain] s.w.s.m.m.a.RequestMappingHandlerMapping : Mapped "{[/menu],methods=[GET]}" onto public java.lang.String com.example.classroom.controller.MainController.main(org.springframework.ui.Model)
2020-12-08 11:20:15.038  INFO 2176 --- [restartedMain] s.w.s.m.m.a.RequestMappingHandlerMapping : Mapped "{[/],methods=[GET]}" onto public java.lang.String com.example.classroom.controller.MainController.greeting(org.springframework.ui.Model,org.apache.catalina.servlet4preview.http.HttpServletRequest)
2020-12-08 11:20:15.041  INFO 2176 --- [restartedMain] s.w.s.m.m.a.RequestMappingHandlerMapping : Mapped "{[/myAccount],methods=[GET]}" onto public java.lang.String com.example.classroom.controller.MyAccountController.gr(org.springframework.ui.Model) throws java.io.IOException
2020-12-08 11:20:15.042  INFO 2176 --- [restartedMain] s.w.s.m.m.a.RequestMappingHandlerMapping : Mapped "{[/myAccount],methods=[POST]}" onto public java.lang.String com.example.classroom.controller.MyAccountController.gr(java.lang.String,java.lang.String,java.lang.String,java.lang.String,java.lang.String,java.util.Map<java.lang.String, java.lang.String>,com.example.classroom.domain.User,org.springframework.ui.Model)
2020-12-08 11:20:15.044  INFO 2176 --- [restartedMain] s.w.s.m.m.a.RequestMappingHandlerMapping : Mapped "{[/login],methods=[POST]}" onto public void com.example.classroom.controller.RegistrationController.a()
2020-12-08 11:20:15.045  INFO 2176 --- [restartedMain] s.w.s.m.m.a.RequestMappingHandlerMapping : Mapped "{[/activate/{code}],methods=[GET]}" onto public java.lang.String com.example.classroom.controller.RegistrationController.activate(org.springframework.ui.Model,java.lang.String,com.example.classroom.domain.User)
2020-12-08 11:20:15.046  INFO 2176 --- [restartedMain] s.w.s.m.m.a.RequestMappingHandlerMapping : Mapped "{[/registration],methods=[POST]}" onto public java.lang.String com.example.classroom.controller.RegistrationController.addUser(java.lang.String,java.lang.String,java.lang.String,java.lang.String,java.lang.String,com.example.classroom.domain.User,java.util.Map<java.lang.String, java.lang.Object>,javax.servlet.http.HttpServletRequest)
2020-12-08 11:20:15.046  INFO 2176 --- [restartedMain] s.w.s.m.m.a.RequestMappingHandlerMapping : Mapped "{[/registration],methods=[GET]}" onto public java.lang.String com.example.classroom.controller.RegistrationController.registration()
2020-12-08 11:20:15.047  INFO 2176 --- [restartedMain] s.w.s.m.m.a.RequestMappingHandlerMapping : Mapped "{[/login],methods=[GET]}" onto public java.lang.String com.example.classroom.controller.RegistrationController.menu(javax.servlet.http.HttpServletRequest)
2020-12-08 11:20:15.047  INFO 2176 --- [restartedMain] s.w.s.m.m.a.RequestMappingHandlerMapping : Mapped "{[/logout],methods=[GET]}" onto public java.lang.String com.example.classroom.controller.RegistrationController.menuuu()
2020-12-08 11:20:15.049  INFO 2176 --- [restartedMain] s.w.s.m.m.a.RequestMappingHandlerMapping : Mapped "{[/user],methods=[GET]}" onto public java.lang.String com.example.classroom.controller.UserController.userList(org.springframework.ui.Model)
2020-12-08 11:20:15.050  INFO 2176 --- [restartedMain] s.w.s.m.m.a.RequestMappingHandlerMapping : Mapped "{[/user],methods=[POST]}" onto public java.lang.String com.example.classroom.controller.UserController.userSave(java.lang.String,java.lang.String,java.lang.String,java.lang.String,java.lang.String,java.util.Map<java.lang.String, java.lang.String>,com.example.classroom.domain.User)
2020-12-08 11:20:15.051  INFO 2176 --- [restartedMain] s.w.s.m.m.a.RequestMappingHandlerMapping : Mapped "{[/user/{user}],methods=[GET]}" onto public java.lang.String com.example.classroom.controller.UserController.userEditForm(com.example.classroom.domain.User,org.springframework.ui.Model)
2020-12-08 11:20:15.062  INFO 2176 --- [restartedMain] s.w.s.m.m.a.RequestMappingHandlerMapping : Mapped "{[/coupl],methods=[GET]}" onto public java.lang.String com.example.classroom.controller.UserMainController.m(org.springframework.ui.Model)
2020-12-08 11:20:15.062  INFO 2176 --- [restartedMain] s.w.s.m.m.a.RequestMappingHandlerMapping : Mapped "{[/coupl/myQR],methods=[GET]}" onto public java.lang.String com.example.classroom.controller.UserMainController.mh(org.springframework.ui.Model)
2020-12-08 11:20:15.063  INFO 2176 --- [restartedMain] s.w.s.m.m.a.RequestMappingHandlerMapping : Mapped "{[/coupl/{couples}/stop],methods=[GET]}" onto public java.lang.String com.example.classroom.controller.UserMainController.productEditFo(com.example.classroom.domain.Couples,org.springframework.ui.Model)
2020-12-08 11:20:15.063  INFO 2176 --- [restartedMain] s.w.s.m.m.a.RequestMappingHandlerMapping : Mapped "{[/coupl/{couples}],methods=[GET]}" onto public java.lang.String com.example.classroom.controller.UserMainController.productEditForm(com.example.classroom.domain.Couples,org.springframework.ui.Model)
2020-12-08 11:20:15.064  INFO 2176 --- [restartedMain] s.w.s.m.m.a.RequestMappingHandlerMapping : Mapped "{[/coupl],methods=[POST]}" onto public java.lang.String com.example.classroom.controller.UserMainController.addSt(java.lang.String,java.lang.Long,java.lang.String,java.lang.String,java.lang.String,org.springframework.ui.Model) throws java.io.IOException
2020-12-08 11:20:15.068  INFO 2176 --- [restartedMain] s.w.s.m.m.a.RequestMappingHandlerMapping : Mapped "{[/error]}" onto public org.springframework.http.ResponseEntity<java.util.Map<java.lang.String, java.lang.Object>> org.springframework.boot.autoconfigure.web.servlet.error.BasicErrorController.error(javax.servlet.http.HttpServletRequest)
2020-12-08 11:20:15.070  INFO 2176 --- [restartedMain] s.w.s.m.m.a.RequestMappingHandlerMapping : Mapped "{[/error],produces=[text/html]}" onto public org.springframework.web.servlet.ModelAndView org.springframework.boot.autoconfigure.web.servlet.error.BasicErrorController.errorHtml(javax.servlet.http.HttpServletRequest,javax.servlet.http.HttpServletResponse)
2020-12-08 11:20:15.178  INFO 2176 --- [restartedMain] o.s.w.s.handler.SimpleUrlHandlerMapping  : Mapped URL path [/login] onto handler of type [class org.springframework.web.servlet.mvc.ParameterizableViewController]
2020-12-08 11:20:15.241  INFO 2176 --- [restartedMain] o.s.w.s.handler.SimpleUrlHandlerMapping  : Mapped URL path [/static/**] onto handler of type [class org.springframework.web.servlet.resource.ResourceHttpRequestHandler]
2020-12-08 11:20:15.241  INFO 2176 --- [restartedMain] o.s.w.s.handler.SimpleUrlHandlerMapping  : Mapped URL path [/webjars/**] onto handler of type [class org.springframework.web.servlet.resource.ResourceHttpRequestHandler]
2020-12-08 11:20:15.241  INFO 2176 --- [restartedMain] o.s.w.s.handler.SimpleUrlHandlerMapping  : Mapped URL path [/**] onto handler of type [class org.springframework.web.servlet.resource.ResourceHttpRequestHandler]
2020-12-08 11:20:15.362  INFO 2176 --- [restartedMain] o.s.w.s.handler.SimpleUrlHandlerMapping  : Mapped URL path [/**/favicon.ico] onto handler of type [class org.springframework.web.servlet.resource.ResourceHttpRequestHandler]
2020-12-08 11:20:15.736  INFO 2176 --- [restartedMain] o.s.w.s.v.f.FreeMarkerConfigurer         : ClassTemplateLoader for Spring macros added to FreeMarker configuration
2020-12-08 11:20:16.023  INFO 2176 --- [restartedMain] o.s.b.d.a.OptionalLiveReloadServer       : LiveReload server is running on port 35729
2020-12-08 11:20:16.121  INFO 2176 --- [restartedMain] o.s.j.e.a.AnnotationMBeanExporter        : Registering beans for JMX exposure on startup
2020-12-08 11:20:16.123  INFO 2176 --- [restartedMain] o.s.j.e.a.AnnotationMBeanExporter        : Bean with name 'dataSource' has been autodetected for JMX exposure
2020-12-08 11:20:16.131  INFO 2176 --- [restartedMain] o.s.j.e.a.AnnotationMBeanExporter        : Located MBean 'dataSource': registering with JMX server as MBean [com.zaxxer.hikari:name=dataSource,type=HikariDataSource]
2020-12-08 11:20:16.202  INFO 2176 --- [restartedMain] o.s.b.w.embedded.tomcat.TomcatWebServer  : Tomcat started on port(s): 8080 (http) with context path ''
2020-12-08 11:20:16.214  INFO 2176 --- [restartedMain] com.example.classroom.Application        : Started Application in 12.611 seconds (JVM running for 14.6)
2020-12-08 11:20:21.365  INFO 2176 --- [http-nio-8080-exec-1] o.a.c.c.C.[Tomcat].[localhost].[/]       : Initializing Spring FrameworkServlet 'dispatcherServlet'
2020-12-08 11:20:21.366  INFO 2176 --- [http-nio-8080-exec-1] o.s.web.servlet.DispatcherServlet        : FrameworkServlet 'dispatcherServlet': initialization started
2020-12-08 11:20:21.391  INFO 2176 --- [http-nio-8080-exec-1] o.s.web.servlet.DispatcherServlet        : FrameworkServlet 'dispatcherServlet': initialization completed in 25 ms
2020-12-08 11:20:21.707  WARN 2176 --- [http-nio-8080-exec-1] o.a.c.util.SessionIdGeneratorBase        : Creation of SecureRandom instance for session ID generation using [SHA1PRNG] took [120] milliseconds.
2020-12-08 11:24:36.980  INFO 2176 --- [http-nio-8080-exec-7] o.h.h.i.QueryTranslatorFactoryInitiator  : HHH000397: Using ASTQueryTranslatorFactory
2020-12-08 11:32:00.017  INFO 14480 --- [restartedMain] com.example.classroom.Application        : Starting Application on Я-ПК with PID 14480 (started by Я in C:\Users\Я\IdeaProjects\classroom)
2020-12-08 11:32:00.023  INFO 14480 --- [restartedMain] com.example.classroom.Application        : No active profile set, falling back to default profiles: default
2020-12-08 11:32:00.223  INFO 14480 --- [restartedMain] ConfigServletWebServerApplicationContext : Refreshing org.springframework.boot.web.servlet.context.AnnotationConfigServletWebServerApplicationContext@2aa1cfdb: startup date [Tue Dec 08 11:32:00 EET 2020]; root of context hierarchy
2020-12-08 11:32:04.568  INFO 14480 --- [restartedMain] trationDelegate$BeanPostProcessorChecker : Bean 'org.springframework.ws.config.annotation.DelegatingWsConfiguration' of type [org.springframework.ws.config.annotation.DelegatingWsConfiguration$$EnhancerBySpringCGLIB$$7db5f81] is not eligible for getting processed by all BeanPostProcessors (for example: not eligible for auto-proxying)
2020-12-08 11:32:04.647  INFO 14480 --- [restartedMain] .w.s.a.s.AnnotationActionEndpointMapping : Supporting [WS-Addressing August 2004, WS-Addressing 1.0]
2020-12-08 11:32:04.731  INFO 14480 --- [restartedMain] trationDelegate$BeanPostProcessorChecker : Bean 'org.springframework.transaction.annotation.ProxyTransactionManagementConfiguration' of type [org.springframework.transaction.annotation.ProxyTransactionManagementConfiguration$$EnhancerBySpringCGLIB$$63439a82] is not eligible for getting processed by all BeanPostProcessors (for example: not eligible for auto-proxying)
2020-12-08 11:32:04.829  INFO 14480 --- [restartedMain] trationDelegate$BeanPostProcessorChecker : Bean 'org.springframework.security.config.annotation.configuration.ObjectPostProcessorConfiguration' of type [org.springframework.security.config.annotation.configuration.ObjectPostProcessorConfiguration$$EnhancerBySpringCGLIB$$fbf162bc] is not eligible for getting processed by all BeanPostProcessors (for example: not eligible for auto-proxying)
2020-12-08 11:32:04.852  INFO 14480 --- [restartedMain] trationDelegate$BeanPostProcessorChecker : Bean 'objectPostProcessor' of type [org.springframework.security.config.annotation.configuration.AutowireBeanFactoryObjectPostProcessor] is not eligible for getting processed by all BeanPostProcessors (for example: not eligible for auto-proxying)
2020-12-08 11:32:04.861  INFO 14480 --- [restartedMain] trationDelegate$BeanPostProcessorChecker : Bean 'org.springframework.security.access.expression.method.DefaultMethodSecurityExpressionHandler@2614d5d7' of type [org.springframework.security.access.expression.method.DefaultMethodSecurityExpressionHandler] is not eligible for getting processed by all BeanPostProcessors (for example: not eligible for auto-proxying)
2020-12-08 11:32:04.876  INFO 14480 --- [restartedMain] trationDelegate$BeanPostProcessorChecker : Bean 'org.springframework.security.config.annotation.method.configuration.GlobalMethodSecurityConfiguration' of type [org.springframework.security.config.annotation.method.configuration.GlobalMethodSecurityConfiguration$$EnhancerBySpringCGLIB$$20c6056e] is not eligible for getting processed by all BeanPostProcessors (for example: not eligible for auto-proxying)
2020-12-08 11:32:04.898  INFO 14480 --- [restartedMain] trationDelegate$BeanPostProcessorChecker : Bean 'methodSecurityMetadataSource' of type [org.springframework.security.access.method.DelegatingMethodSecurityMetadataSource] is not eligible for getting processed by all BeanPostProcessors (for example: not eligible for auto-proxying)
2020-12-08 11:32:05.706  INFO 14480 --- [restartedMain] o.s.b.w.embedded.tomcat.TomcatWebServer  : Tomcat initialized with port(s): 8080 (http)
2020-12-08 11:32:05.752  INFO 14480 --- [restartedMain] o.apache.catalina.core.StandardService   : Starting service [Tomcat]
2020-12-08 11:32:05.753  INFO 14480 --- [restartedMain] org.apache.catalina.core.StandardEngine  : Starting Servlet Engine: Apache Tomcat/8.5.28
2020-12-08 11:32:05.767  INFO 14480 --- [localhost-startStop-1] o.a.catalina.core.AprLifecycleListener   : The APR based Apache Tomcat Native library which allows optimal performance in production environments was not found on the java.library.path: [C:\Program Files\JetBrains\IntelliJ IDEA 2019.3.2\jbr\bin;C:\WINDOWS\Sun\Java\bin;C:\WINDOWS\system32;C:\WINDOWS;C:\Program Files (x86)\Common Files\Oracle\Java\javapath;C:\Program Files (x86)\Intel\iCLS Client\;C:\Program Files\Intel\iCLS Client\;C:\Program Files (x86)\NVIDIA Corporation\PhysX\Common;C:\Program Files\Broadcom\Broadcom 802.11 Network Adapter\Driver;C:\WINDOWS\SYSTEM32;C:\WINDOWS;C:\WINDOWS\SYSTEM32\WBEM;C:\WINDOWS\SYSTEM32\WINDOWSPOWERSHELL\V1.0\;C:\Program Files\Lenovo\Bluetooth Software\;C:\Program Files\Lenovo\Bluetooth Software\syswow64;C:\Program Files (x86)\Intel\OpenCL SDK\2.0\bin\x86;C:\Program Files (x86)\Intel\OpenCL SDK\2.0\bin\x64;C:\Program Files\Intel\Intel(R) Management Engine Components\DAL;C:\Program Files\Intel\Intel(R) Management Engine Components\IPT;C:\Program Files (x86)\Intel\Intel(R) Management Engine Components\DAL;C:\Program Files (x86)\Intel\Intel(R) Management Engine Components\IPT;C:\WINDOWS\system32;C:\WINDOWS;C:\WINDOWS\System32\Wbem;C:\WINDOWS\System32\WindowsPowerShell\v1.0\;C:\WINDOWS\System32\OpenSSH\;D:\Programs\Putty\;C:\Program Files\Git\cmd;D:\Programs\Mathlab\runtime\win64;D:\Programs\Mathlab\bin;D:\Programs\Matlab\runtime\win64;D:\Programs\Matlab\bin;C:\Program Files\nodejs\;C:\Program Files\MySQL\MySQL Shell 8.0\bin\;C:\Users\Я\AppData\Local\Microsoft\WindowsApps;;C:\Program Files\JetBrains\IntelliJ IDEA 2019.3.2\bin;;C:\Users\Я\AppData\Roaming\npm;.]
2020-12-08 11:32:06.005  INFO 14480 --- [localhost-startStop-1] o.a.c.c.C.[Tomcat].[localhost].[/]       : Initializing Spring embedded WebApplicationContext
2020-12-08 11:32:06.006  INFO 14480 --- [localhost-startStop-1] o.s.web.context.ContextLoader            : Root WebApplicationContext: initialization completed in 5783 ms
2020-12-08 11:32:06.534  INFO 14480 --- [localhost-startStop-1] o.s.b.w.servlet.FilterRegistrationBean   : Mapping filter: 'characterEncodingFilter' to: [/*]
2020-12-08 11:32:06.535  INFO 14480 --- [localhost-startStop-1] o.s.b.w.servlet.FilterRegistrationBean   : Mapping filter: 'hiddenHttpMethodFilter' to: [/*]
2020-12-08 11:32:06.535  INFO 14480 --- [localhost-startStop-1] o.s.b.w.servlet.FilterRegistrationBean   : Mapping filter: 'httpPutFormContentFilter' to: [/*]
2020-12-08 11:32:06.535  INFO 14480 --- [localhost-startStop-1] o.s.b.w.servlet.FilterRegistrationBean   : Mapping filter: 'requestContextFilter' to: [/*]
2020-12-08 11:32:06.537  INFO 14480 --- [localhost-startStop-1] .s.DelegatingFilterProxyRegistrationBean : Mapping filter: 'springSecurityFilterChain' to: [/*]
2020-12-08 11:32:06.537  INFO 14480 --- [localhost-startStop-1] o.s.b.w.servlet.ServletRegistrationBean  : Servlet dispatcherServlet mapped to [/]
2020-12-08 11:32:06.540  INFO 14480 --- [localhost-startStop-1] o.s.b.w.servlet.ServletRegistrationBean  : Servlet messageDispatcherServlet mapped to [/services/*]
2020-12-08 11:32:06.954  INFO 14480 --- [restartedMain] com.zaxxer.hikari.HikariDataSource       : HikariPool-1 - Starting...
2020-12-08 11:32:07.169  INFO 14480 --- [restartedMain] com.zaxxer.hikari.HikariDataSource       : HikariPool-1 - Start completed.
2020-12-08 11:32:07.382  INFO 14480 --- [restartedMain] j.LocalContainerEntityManagerFactoryBean : Building JPA container EntityManagerFactory for persistence unit 'default'
2020-12-08 11:32:07.407  INFO 14480 --- [restartedMain] o.hibernate.jpa.internal.util.LogHelper  : HHH000204: Processing PersistenceUnitInfo [
	name: default
	...]
2020-12-08 11:32:07.584  INFO 14480 --- [restartedMain] org.hibernate.Version                    : HHH000412: Hibernate Core {5.2.14.Final}
2020-12-08 11:32:07.588  INFO 14480 --- [restartedMain] org.hibernate.cfg.Environment            : HHH000206: hibernate.properties not found
2020-12-08 11:32:07.670  INFO 14480 --- [restartedMain] o.hibernate.annotations.common.Version   : HCANN000001: Hibernate Commons Annotations {5.0.1.Final}
2020-12-08 11:32:08.079  INFO 14480 --- [restartedMain] org.hibernate.dialect.Dialect            : HHH000400: Using dialect: org.hibernate.dialect.MySQL5Dialect
2020-12-08 11:32:10.702  INFO 14480 --- [restartedMain] j.LocalContainerEntityManagerFactoryBean : Initialized JPA EntityManagerFactory for persistence unit 'default'
2020-12-08 11:32:13.745  INFO 14480 --- [restartedMain] o.s.s.web.DefaultSecurityFilterChain     : Creating filter chain: org.springframework.security.web.util.matcher.AnyRequestMatcher@1, [org.springframework.security.web.context.request.async.WebAsyncManagerIntegrationFilter@3ffcc4b0, org.springframework.security.web.context.SecurityContextPersistenceFilter@5cbb59b7, org.springframework.security.web.header.HeaderWriterFilter@7f592e2f, org.springframework.security.web.csrf.CsrfFilter@4b02314c, org.springframework.security.web.authentication.logout.LogoutFilter@3b0fe91e, org.springframework.security.web.authentication.UsernamePasswordAuthenticationFilter@7876b402, org.springframework.security.web.savedrequest.RequestCacheAwareFilter@5046d61e, org.springframework.security.web.servletapi.SecurityContextHolderAwareRequestFilter@7f541614, org.springframework.security.web.authentication.AnonymousAuthenticationFilter@432c2c2b, org.springframework.security.web.session.SessionManagementFilter@21f6d552, org.springframework.security.web.access.ExceptionTranslationFilter@61efab3a, org.springframework.security.web.access.intercept.FilterSecurityInterceptor@3a338108]
2020-12-08 11:32:14.590  INFO 14480 --- [restartedMain] s.w.s.m.m.a.RequestMappingHandlerAdapter : Looking for @ControllerAdvice: org.springframework.boot.web.servlet.context.AnnotationConfigServletWebServerApplicationContext@2aa1cfdb: startup date [Tue Dec 08 11:32:00 EET 2020]; root of context hierarchy
2020-12-08 11:32:14.693  WARN 14480 --- [restartedMain] aWebConfiguration$JpaWebMvcConfiguration : spring.jpa.open-in-view is enabled by default. Therefore, database queries may be performed during view rendering. Explicitly configure spring.jpa.open-in-view to disable this warning
2020-12-08 11:32:14.783  INFO 14480 --- [restartedMain] s.w.s.m.m.a.RequestMappingHandlerMapping : Mapped "{[/panel],methods=[GET]}" onto public java.lang.String com.example.classroom.controller.AdminMainController.m(org.springframework.ui.Model)
2020-12-08 11:32:14.785  INFO 14480 --- [restartedMain] s.w.s.m.m.a.RequestMappingHandlerMapping : Mapped "{[/panel/coupCreate],methods=[POST]}" onto public java.lang.String com.example.classroom.controller.AdminMainController.addProd(com.example.classroom.domain.Couples,com.example.classroom.domain.Sbjct,com.example.classroom.domain.Groups,int,org.springframework.ui.Model) throws java.io.IOException
2020-12-08 11:32:14.787  INFO 14480 --- [restartedMain] s.w.s.m.m.a.RequestMappingHandlerMapping : Mapped "{[/panel/createcoup],methods=[GET]}" onto public java.lang.String com.example.classroom.controller.AdminMainController.greeting(org.springframework.ui.Model)
2020-12-08 11:32:14.787  INFO 14480 --- [restartedMain] s.w.s.m.m.a.RequestMappingHandlerMapping : Mapped "{[/panel/coupNow],methods=[GET]}" onto public java.lang.String com.example.classroom.controller.AdminMainController.greet(org.springframework.ui.Model)
2020-12-08 11:32:14.788  INFO 14480 --- [restartedMain] s.w.s.m.m.a.RequestMappingHandlerMapping : Mapped "{[/panel/coupNow/{couples}],methods=[GET]}" onto public java.lang.String com.example.classroom.controller.AdminMainController.gree(com.example.classroom.domain.Couples,org.springframework.ui.Model)
2020-12-08 11:32:14.789  INFO 14480 --- [restartedMain] s.w.s.m.m.a.RequestMappingHandlerMapping : Mapped "{[/panel/coupNow/{couples}],methods=[POST]}" onto public java.lang.String com.example.classroom.controller.AdminMainController.gre(com.example.classroom.domain.Couples,org.springframework.ui.Model)
2020-12-08 11:32:14.790  INFO 14480 --- [restartedMain] s.w.s.m.m.a.RequestMappingHandlerMapping : Mapped "{[/menu],methods=[GET]}" onto public java.lang.String com.example.classroom.controller.MainController.main(org.springframework.ui.Model)
2020-12-08 11:32:14.791  INFO 14480 --- [restartedMain] s.w.s.m.m.a.RequestMappingHandlerMapping : Mapped "{[/],methods=[GET]}" onto public java.lang.String com.example.classroom.controller.MainController.greeting(org.springframework.ui.Model,org.apache.catalina.servlet4preview.http.HttpServletRequest)
2020-12-08 11:32:14.794  INFO 14480 --- [restartedMain] s.w.s.m.m.a.RequestMappingHandlerMapping : Mapped "{[/myAccount],methods=[GET]}" onto public java.lang.String com.example.classroom.controller.MyAccountController.gr(org.springframework.ui.Model) throws java.io.IOException
2020-12-08 11:32:14.795  INFO 14480 --- [restartedMain] s.w.s.m.m.a.RequestMappingHandlerMapping : Mapped "{[/myAccount],methods=[POST]}" onto public java.lang.String com.example.classroom.controller.MyAccountController.gr(java.lang.String,java.lang.String,java.lang.String,java.lang.String,java.lang.String,java.util.Map<java.lang.String, java.lang.String>,com.example.classroom.domain.User,org.springframework.ui.Model)
2020-12-08 11:32:14.799  INFO 14480 --- [restartedMain] s.w.s.m.m.a.RequestMappingHandlerMapping : Mapped "{[/login],methods=[POST]}" onto public void com.example.classroom.controller.RegistrationController.a()
2020-12-08 11:32:14.799  INFO 14480 --- [restartedMain] s.w.s.m.m.a.RequestMappingHandlerMapping : Mapped "{[/activate/{code}],methods=[GET]}" onto public java.lang.String com.example.classroom.controller.RegistrationController.activate(org.springframework.ui.Model,java.lang.String,com.example.classroom.domain.User)
2020-12-08 11:32:14.800  INFO 14480 --- [restartedMain] s.w.s.m.m.a.RequestMappingHandlerMapping : Mapped "{[/login],methods=[GET]}" onto public java.lang.String com.example.classroom.controller.RegistrationController.menu(javax.servlet.http.HttpServletRequest)
2020-12-08 11:32:14.800  INFO 14480 --- [restartedMain] s.w.s.m.m.a.RequestMappingHandlerMapping : Mapped "{[/logout],methods=[GET]}" onto public java.lang.String com.example.classroom.controller.RegistrationController.menuuu()
2020-12-08 11:32:14.801  INFO 14480 --- [restartedMain] s.w.s.m.m.a.RequestMappingHandlerMapping : Mapped "{[/registration],methods=[GET]}" onto public java.lang.String com.example.classroom.controller.RegistrationController.registration()
2020-12-08 11:32:14.801  INFO 14480 --- [restartedMain] s.w.s.m.m.a.RequestMappingHandlerMapping : Mapped "{[/registration],methods=[POST]}" onto public java.lang.String com.example.classroom.controller.RegistrationController.addUser(java.lang.String,java.lang.String,java.lang.String,java.lang.String,java.lang.String,com.example.classroom.domain.User,java.util.Map<java.lang.String, java.lang.Object>,javax.servlet.http.HttpServletRequest)
2020-12-08 11:32:14.804  INFO 14480 --- [restartedMain] s.w.s.m.m.a.RequestMappingHandlerMapping : Mapped "{[/user],methods=[GET]}" onto public java.lang.String com.example.classroom.controller.UserController.userList(org.springframework.ui.Model)
2020-12-08 11:32:14.804  INFO 14480 --- [restartedMain] s.w.s.m.m.a.RequestMappingHandlerMapping : Mapped "{[/user/{user}],methods=[GET]}" onto public java.lang.String com.example.classroom.controller.UserController.userEditForm(com.example.classroom.domain.User,org.springframework.ui.Model)
2020-12-08 11:32:14.805  INFO 14480 --- [restartedMain] s.w.s.m.m.a.RequestMappingHandlerMapping : Mapped "{[/user],methods=[POST]}" onto public java.lang.String com.example.classroom.controller.UserController.userSave(java.lang.String,java.lang.String,java.lang.String,java.lang.String,java.lang.String,java.util.Map<java.lang.String, java.lang.String>,com.example.classroom.domain.User)
2020-12-08 11:32:14.826  INFO 14480 --- [restartedMain] s.w.s.m.m.a.RequestMappingHandlerMapping : Mapped "{[/coupl],methods=[GET]}" onto public java.lang.String com.example.classroom.controller.UserMainController.m(org.springframework.ui.Model)
2020-12-08 11:32:14.829  INFO 14480 --- [restartedMain] s.w.s.m.m.a.RequestMappingHandlerMapping : Mapped "{[/coupl/myQR],methods=[GET]}" onto public java.lang.String com.example.classroom.controller.UserMainController.mh(org.springframework.ui.Model)
2020-12-08 11:32:14.830  INFO 14480 --- [restartedMain] s.w.s.m.m.a.RequestMappingHandlerMapping : Mapped "{[/coupl],methods=[POST]}" onto public java.lang.String com.example.classroom.controller.UserMainController.addSt(java.lang.String,java.lang.Long,java.lang.String,java.lang.String,java.lang.String,org.springframework.ui.Model) throws java.io.IOException
2020-12-08 11:32:14.831  INFO 14480 --- [restartedMain] s.w.s.m.m.a.RequestMappingHandlerMapping : Mapped "{[/coupl/{couples}],methods=[GET]}" onto public java.lang.String com.example.classroom.controller.UserMainController.productEditForm(com.example.classroom.domain.Couples,org.springframework.ui.Model)
2020-12-08 11:32:14.855  INFO 14480 --- [restartedMain] s.w.s.m.m.a.RequestMappingHandlerMapping : Mapped "{[/coupl/{couples}/stop],methods=[GET]}" onto public java.lang.String com.example.classroom.controller.UserMainController.productEditFo(com.example.classroom.domain.Couples,org.springframework.ui.Model)
2020-12-08 11:32:14.863  INFO 14480 --- [restartedMain] s.w.s.m.m.a.RequestMappingHandlerMapping : Mapped "{[/error]}" onto public org.springframework.http.ResponseEntity<java.util.Map<java.lang.String, java.lang.Object>> org.springframework.boot.autoconfigure.web.servlet.error.BasicErrorController.error(javax.servlet.http.HttpServletRequest)
2020-12-08 11:32:14.865  INFO 14480 --- [restartedMain] s.w.s.m.m.a.RequestMappingHandlerMapping : Mapped "{[/error],produces=[text/html]}" onto public org.springframework.web.servlet.ModelAndView org.springframework.boot.autoconfigure.web.servlet.error.BasicErrorController.errorHtml(javax.servlet.http.HttpServletRequest,javax.servlet.http.HttpServletResponse)
2020-12-08 11:32:14.979  INFO 14480 --- [restartedMain] o.s.w.s.handler.SimpleUrlHandlerMapping  : Mapped URL path [/login] onto handler of type [class org.springframework.web.servlet.mvc.ParameterizableViewController]
2020-12-08 11:32:15.102  INFO 14480 --- [restartedMain] o.s.w.s.handler.SimpleUrlHandlerMapping  : Mapped URL path [/static/**] onto handler of type [class org.springframework.web.servlet.resource.ResourceHttpRequestHandler]
2020-12-08 11:32:15.103  INFO 14480 --- [restartedMain] o.s.w.s.handler.SimpleUrlHandlerMapping  : Mapped URL path [/webjars/**] onto handler of type [class org.springframework.web.servlet.resource.ResourceHttpRequestHandler]
2020-12-08 11:32:15.104  INFO 14480 --- [restartedMain] o.s.w.s.handler.SimpleUrlHandlerMapping  : Mapped URL path [/**] onto handler of type [class org.springframework.web.servlet.resource.ResourceHttpRequestHandler]
2020-12-08 11:32:15.281  INFO 14480 --- [restartedMain] o.s.w.s.handler.SimpleUrlHandlerMapping  : Mapped URL path [/**/favicon.ico] onto handler of type [class org.springframework.web.servlet.resource.ResourceHttpRequestHandler]
2020-12-08 11:32:15.815  INFO 14480 --- [restartedMain] o.s.w.s.v.f.FreeMarkerConfigurer         : ClassTemplateLoader for Spring macros added to FreeMarker configuration
2020-12-08 11:32:16.274  INFO 14480 --- [restartedMain] o.s.b.d.a.OptionalLiveReloadServer       : LiveReload server is running on port 35729
2020-12-08 11:32:16.484  INFO 14480 --- [restartedMain] o.s.j.e.a.AnnotationMBeanExporter        : Registering beans for JMX exposure on startup
2020-12-08 11:32:16.487  INFO 14480 --- [restartedMain] o.s.j.e.a.AnnotationMBeanExporter        : Bean with name 'dataSource' has been autodetected for JMX exposure
2020-12-08 11:32:16.502  INFO 14480 --- [restartedMain] o.s.j.e.a.AnnotationMBeanExporter        : Located MBean 'dataSource': registering with JMX server as MBean [com.zaxxer.hikari:name=dataSource,type=HikariDataSource]
2020-12-08 11:32:16.575  INFO 14480 --- [restartedMain] o.s.b.w.embedded.tomcat.TomcatWebServer  : Tomcat started on port(s): 8080 (http) with context path ''
2020-12-08 11:32:16.585  INFO 14480 --- [restartedMain] com.example.classroom.Application        : Started Application in 17.567 seconds (JVM running for 20.203)
2020-12-08 11:32:16.828  INFO 14480 --- [http-nio-8080-exec-1] o.a.c.c.C.[Tomcat].[localhost].[/]       : Initializing Spring FrameworkServlet 'dispatcherServlet'
2020-12-08 11:32:16.829  INFO 14480 --- [http-nio-8080-exec-1] o.s.web.servlet.DispatcherServlet        : FrameworkServlet 'dispatcherServlet': initialization started
2020-12-08 11:32:16.872  INFO 14480 --- [http-nio-8080-exec-1] o.s.web.servlet.DispatcherServlet        : FrameworkServlet 'dispatcherServlet': initialization completed in 43 ms
2020-12-08 11:32:17.364  WARN 14480 --- [http-nio-8080-exec-1] o.a.c.util.SessionIdGeneratorBase        : Creation of SecureRandom instance for session ID generation using [SHA1PRNG] took [373] milliseconds.
2020-12-08 11:32:21.230  INFO 14480 --- [http-nio-8080-exec-6] o.h.h.i.QueryTranslatorFactoryInitiator  : HHH000397: Using ASTQueryTranslatorFactory
2020-12-08 11:33:16.526  INFO 3672 --- [restartedMain] com.example.classroom.Application        : Starting Application on Я-ПК with PID 3672 (started by Я in C:\Users\Я\IdeaProjects\classroom)
2020-12-08 11:33:16.528  INFO 3672 --- [restartedMain] com.example.classroom.Application        : No active profile set, falling back to default profiles: default
2020-12-08 11:33:16.623  INFO 3672 --- [restartedMain] ConfigServletWebServerApplicationContext : Refreshing org.springframework.boot.web.servlet.context.AnnotationConfigServletWebServerApplicationContext@48fa96e4: startup date [Tue Dec 08 11:33:16 EET 2020]; root of context hierarchy
2020-12-08 11:33:21.300  INFO 3672 --- [restartedMain] trationDelegate$BeanPostProcessorChecker : Bean 'org.springframework.ws.config.annotation.DelegatingWsConfiguration' of type [org.springframework.ws.config.annotation.DelegatingWsConfiguration$$EnhancerBySpringCGLIB$$9bdf7ef0] is not eligible for getting processed by all BeanPostProcessors (for example: not eligible for auto-proxying)
2020-12-08 11:33:21.385  INFO 3672 --- [restartedMain] .w.s.a.s.AnnotationActionEndpointMapping : Supporting [WS-Addressing August 2004, WS-Addressing 1.0]
2020-12-08 11:33:21.481  INFO 3672 --- [restartedMain] trationDelegate$BeanPostProcessorChecker : Bean 'org.springframework.transaction.annotation.ProxyTransactionManagementConfiguration' of type [org.springframework.transaction.annotation.ProxyTransactionManagementConfiguration$$EnhancerBySpringCGLIB$$f747b9f1] is not eligible for getting processed by all BeanPostProcessors (for example: not eligible for auto-proxying)
2020-12-08 11:33:21.790  INFO 3672 --- [restartedMain] trationDelegate$BeanPostProcessorChecker : Bean 'org.springframework.security.config.annotation.configuration.ObjectPostProcessorConfiguration' of type [org.springframework.security.config.annotation.configuration.ObjectPostProcessorConfiguration$$EnhancerBySpringCGLIB$$8ff5822b] is not eligible for getting processed by all BeanPostProcessors (for example: not eligible for auto-proxying)
2020-12-08 11:33:21.810  INFO 3672 --- [restartedMain] trationDelegate$BeanPostProcessorChecker : Bean 'objectPostProcessor' of type [org.springframework.security.config.annotation.configuration.AutowireBeanFactoryObjectPostProcessor] is not eligible for getting processed by all BeanPostProcessors (for example: not eligible for auto-proxying)
2020-12-08 11:33:21.816  INFO 3672 --- [restartedMain] trationDelegate$BeanPostProcessorChecker : Bean 'org.springframework.security.access.expression.method.DefaultMethodSecurityExpressionHandler@3cc91969' of type [org.springframework.security.access.expression.method.DefaultMethodSecurityExpressionHandler] is not eligible for getting processed by all BeanPostProcessors (for example: not eligible for auto-proxying)
2020-12-08 11:33:21.834  INFO 3672 --- [restartedMain] trationDelegate$BeanPostProcessorChecker : Bean 'org.springframework.security.config.annotation.method.configuration.GlobalMethodSecurityConfiguration' of type [org.springframework.security.config.annotation.method.configuration.GlobalMethodSecurityConfiguration$$EnhancerBySpringCGLIB$$b4ca24dd] is not eligible for getting processed by all BeanPostProcessors (for example: not eligible for auto-proxying)
2020-12-08 11:33:21.857  INFO 3672 --- [restartedMain] trationDelegate$BeanPostProcessorChecker : Bean 'methodSecurityMetadataSource' of type [org.springframework.security.access.method.DelegatingMethodSecurityMetadataSource] is not eligible for getting processed by all BeanPostProcessors (for example: not eligible for auto-proxying)
2020-12-08 11:33:22.675  INFO 3672 --- [restartedMain] o.s.b.w.embedded.tomcat.TomcatWebServer  : Tomcat initialized with port(s): 8080 (http)
2020-12-08 11:33:22.722  INFO 3672 --- [restartedMain] o.apache.catalina.core.StandardService   : Starting service [Tomcat]
2020-12-08 11:33:22.724  INFO 3672 --- [restartedMain] org.apache.catalina.core.StandardEngine  : Starting Servlet Engine: Apache Tomcat/8.5.28
2020-12-08 11:33:22.734  INFO 3672 --- [localhost-startStop-1] o.a.catalina.core.AprLifecycleListener   : The APR based Apache Tomcat Native library which allows optimal performance in production environments was not found on the java.library.path: [C:\Program Files\JetBrains\IntelliJ IDEA 2019.3.2\jbr\bin;C:\WINDOWS\Sun\Java\bin;C:\WINDOWS\system32;C:\WINDOWS;C:\Program Files (x86)\Common Files\Oracle\Java\javapath;C:\Program Files (x86)\Intel\iCLS Client\;C:\Program Files\Intel\iCLS Client\;C:\Program Files (x86)\NVIDIA Corporation\PhysX\Common;C:\Program Files\Broadcom\Broadcom 802.11 Network Adapter\Driver;C:\WINDOWS\SYSTEM32;C:\WINDOWS;C:\WINDOWS\SYSTEM32\WBEM;C:\WINDOWS\SYSTEM32\WINDOWSPOWERSHELL\V1.0\;C:\Program Files\Lenovo\Bluetooth Software\;C:\Program Files\Lenovo\Bluetooth Software\syswow64;C:\Program Files (x86)\Intel\OpenCL SDK\2.0\bin\x86;C:\Program Files (x86)\Intel\OpenCL SDK\2.0\bin\x64;C:\Program Files\Intel\Intel(R) Management Engine Components\DAL;C:\Program Files\Intel\Intel(R) Management Engine Components\IPT;C:\Program Files (x86)\Intel\Intel(R) Management Engine Components\DAL;C:\Program Files (x86)\Intel\Intel(R) Management Engine Components\IPT;C:\WINDOWS\system32;C:\WINDOWS;C:\WINDOWS\System32\Wbem;C:\WINDOWS\System32\WindowsPowerShell\v1.0\;C:\WINDOWS\System32\OpenSSH\;D:\Programs\Putty\;C:\Program Files\Git\cmd;D:\Programs\Mathlab\runtime\win64;D:\Programs\Mathlab\bin;D:\Programs\Matlab\runtime\win64;D:\Programs\Matlab\bin;C:\Program Files\nodejs\;C:\Program Files\MySQL\MySQL Shell 8.0\bin\;C:\Users\Я\AppData\Local\Microsoft\WindowsApps;;C:\Program Files\JetBrains\IntelliJ IDEA 2019.3.2\bin;;C:\Users\Я\AppData\Roaming\npm;.]
2020-12-08 11:33:23.314  INFO 3672 --- [localhost-startStop-1] o.a.c.c.C.[Tomcat].[localhost].[/]       : Initializing Spring embedded WebApplicationContext
2020-12-08 11:33:23.315  INFO 3672 --- [localhost-startStop-1] o.s.web.context.ContextLoader            : Root WebApplicationContext: initialization completed in 6692 ms
2020-12-08 11:33:23.846  INFO 3672 --- [localhost-startStop-1] o.s.b.w.servlet.FilterRegistrationBean   : Mapping filter: 'characterEncodingFilter' to: [/*]
2020-12-08 11:33:23.847  INFO 3672 --- [localhost-startStop-1] o.s.b.w.servlet.FilterRegistrationBean   : Mapping filter: 'hiddenHttpMethodFilter' to: [/*]
2020-12-08 11:33:23.847  INFO 3672 --- [localhost-startStop-1] o.s.b.w.servlet.FilterRegistrationBean   : Mapping filter: 'httpPutFormContentFilter' to: [/*]
2020-12-08 11:33:23.848  INFO 3672 --- [localhost-startStop-1] o.s.b.w.servlet.FilterRegistrationBean   : Mapping filter: 'requestContextFilter' to: [/*]
2020-12-08 11:33:23.849  INFO 3672 --- [localhost-startStop-1] .s.DelegatingFilterProxyRegistrationBean : Mapping filter: 'springSecurityFilterChain' to: [/*]
2020-12-08 11:33:23.850  INFO 3672 --- [localhost-startStop-1] o.s.b.w.servlet.ServletRegistrationBean  : Servlet dispatcherServlet mapped to [/]
2020-12-08 11:33:23.853  INFO 3672 --- [localhost-startStop-1] o.s.b.w.servlet.ServletRegistrationBean  : Servlet messageDispatcherServlet mapped to [/services/*]
2020-12-08 11:33:24.205  INFO 3672 --- [restartedMain] com.zaxxer.hikari.HikariDataSource       : HikariPool-1 - Starting...
2020-12-08 11:33:24.398  INFO 3672 --- [restartedMain] com.zaxxer.hikari.HikariDataSource       : HikariPool-1 - Start completed.
2020-12-08 11:33:24.518  INFO 3672 --- [restartedMain] j.LocalContainerEntityManagerFactoryBean : Building JPA container EntityManagerFactory for persistence unit 'default'
2020-12-08 11:33:24.554  INFO 3672 --- [restartedMain] o.hibernate.jpa.internal.util.LogHelper  : HHH000204: Processing PersistenceUnitInfo [
	name: default
	...]
2020-12-08 11:33:24.701  INFO 3672 --- [restartedMain] org.hibernate.Version                    : HHH000412: Hibernate Core {5.2.14.Final}
2020-12-08 11:33:24.791  INFO 3672 --- [restartedMain] org.hibernate.cfg.Environment            : HHH000206: hibernate.properties not found
2020-12-08 11:33:24.868  INFO 3672 --- [restartedMain] o.hibernate.annotations.common.Version   : HCANN000001: Hibernate Commons Annotations {5.0.1.Final}
2020-12-08 11:33:25.172  INFO 3672 --- [restartedMain] org.hibernate.dialect.Dialect            : HHH000400: Using dialect: org.hibernate.dialect.MySQL5Dialect
2020-12-08 11:33:28.412  INFO 3672 --- [restartedMain] j.LocalContainerEntityManagerFactoryBean : Initialized JPA EntityManagerFactory for persistence unit 'default'
2020-12-08 11:33:30.765  INFO 3672 --- [restartedMain] o.s.s.web.DefaultSecurityFilterChain     : Creating filter chain: org.springframework.security.web.util.matcher.AnyRequestMatcher@1, [org.springframework.security.web.context.request.async.WebAsyncManagerIntegrationFilter@2879db19, org.springframework.security.web.context.SecurityContextPersistenceFilter@62e9e16d, org.springframework.security.web.header.HeaderWriterFilter@2b055a79, org.springframework.security.web.csrf.CsrfFilter@4e7e52e9, org.springframework.security.web.authentication.logout.LogoutFilter@19f111e8, org.springframework.security.web.authentication.UsernamePasswordAuthenticationFilter@2c0d0c9e, org.springframework.security.web.savedrequest.RequestCacheAwareFilter@4b1b14da, org.springframework.security.web.servletapi.SecurityContextHolderAwareRequestFilter@f7bcaab, org.springframework.security.web.authentication.AnonymousAuthenticationFilter@4cc0409e, org.springframework.security.web.session.SessionManagementFilter@1d4d011, org.springframework.security.web.access.ExceptionTranslationFilter@881e6de, org.springframework.security.web.access.intercept.FilterSecurityInterceptor@4b6d9229]
2020-12-08 11:33:31.654  INFO 3672 --- [restartedMain] s.w.s.m.m.a.RequestMappingHandlerAdapter : Looking for @ControllerAdvice: org.springframework.boot.web.servlet.context.AnnotationConfigServletWebServerApplicationContext@48fa96e4: startup date [Tue Dec 08 11:33:16 EET 2020]; root of context hierarchy
2020-12-08 11:33:31.787  WARN 3672 --- [restartedMain] aWebConfiguration$JpaWebMvcConfiguration : spring.jpa.open-in-view is enabled by default. Therefore, database queries may be performed during view rendering. Explicitly configure spring.jpa.open-in-view to disable this warning
2020-12-08 11:33:31.871  INFO 3672 --- [restartedMain] s.w.s.m.m.a.RequestMappingHandlerMapping : Mapped "{[/panel],methods=[GET]}" onto public java.lang.String com.example.classroom.controller.AdminMainController.m(org.springframework.ui.Model)
2020-12-08 11:33:31.874  INFO 3672 --- [restartedMain] s.w.s.m.m.a.RequestMappingHandlerMapping : Mapped "{[/panel/coupNow/{couples}],methods=[GET]}" onto public java.lang.String com.example.classroom.controller.AdminMainController.gree(com.example.classroom.domain.Couples,org.springframework.ui.Model)
2020-12-08 11:33:31.875  INFO 3672 --- [restartedMain] s.w.s.m.m.a.RequestMappingHandlerMapping : Mapped "{[/panel/createcoup],methods=[GET]}" onto public java.lang.String com.example.classroom.controller.AdminMainController.greeting(org.springframework.ui.Model)
2020-12-08 11:33:31.876  INFO 3672 --- [restartedMain] s.w.s.m.m.a.RequestMappingHandlerMapping : Mapped "{[/panel/coupCreate],methods=[POST]}" onto public java.lang.String com.example.classroom.controller.AdminMainController.addProd(com.example.classroom.domain.Couples,com.example.classroom.domain.Sbjct,com.example.classroom.domain.Groups,int,org.springframework.ui.Model) throws java.io.IOException
2020-12-08 11:33:31.878  INFO 3672 --- [restartedMain] s.w.s.m.m.a.RequestMappingHandlerMapping : Mapped "{[/panel/coupNow],methods=[GET]}" onto public java.lang.String com.example.classroom.controller.AdminMainController.greet(org.springframework.ui.Model)
2020-12-08 11:33:31.878  INFO 3672 --- [restartedMain] s.w.s.m.m.a.RequestMappingHandlerMapping : Mapped "{[/panel/coupNow/{couples}],methods=[POST]}" onto public java.lang.String com.example.classroom.controller.AdminMainController.gre(com.example.classroom.domain.Couples,org.springframework.ui.Model)
2020-12-08 11:33:31.881  INFO 3672 --- [restartedMain] s.w.s.m.m.a.RequestMappingHandlerMapping : Mapped "{[/menu],methods=[GET]}" onto public java.lang.String com.example.classroom.controller.MainController.main(org.springframework.ui.Model)
2020-12-08 11:33:31.882  INFO 3672 --- [restartedMain] s.w.s.m.m.a.RequestMappingHandlerMapping : Mapped "{[/],methods=[GET]}" onto public java.lang.String com.example.classroom.controller.MainController.greeting(org.springframework.ui.Model,org.apache.catalina.servlet4preview.http.HttpServletRequest)
2020-12-08 11:33:31.884  INFO 3672 --- [restartedMain] s.w.s.m.m.a.RequestMappingHandlerMapping : Mapped "{[/myAccount],methods=[GET]}" onto public java.lang.String com.example.classroom.controller.MyAccountController.gr(org.springframework.ui.Model) throws java.io.IOException
2020-12-08 11:33:31.885  INFO 3672 --- [restartedMain] s.w.s.m.m.a.RequestMappingHandlerMapping : Mapped "{[/myAccount],methods=[POST]}" onto public java.lang.String com.example.classroom.controller.MyAccountController.gr(java.lang.String,java.lang.String,java.lang.String,java.lang.String,java.lang.String,java.util.Map<java.lang.String, java.lang.String>,com.example.classroom.domain.User,org.springframework.ui.Model)
2020-12-08 11:33:31.889  INFO 3672 --- [restartedMain] s.w.s.m.m.a.RequestMappingHandlerMapping : Mapped "{[/login],methods=[POST]}" onto public void com.example.classroom.controller.RegistrationController.a()
2020-12-08 11:33:31.890  INFO 3672 --- [restartedMain] s.w.s.m.m.a.RequestMappingHandlerMapping : Mapped "{[/activate/{code}],methods=[GET]}" onto public java.lang.String com.example.classroom.controller.RegistrationController.activate(org.springframework.ui.Model,java.lang.String,com.example.classroom.domain.User)
2020-12-08 11:33:31.891  INFO 3672 --- [restartedMain] s.w.s.m.m.a.RequestMappingHandlerMapping : Mapped "{[/registration],methods=[GET]}" onto public java.lang.String com.example.classroom.controller.RegistrationController.registration()
2020-12-08 11:33:31.892  INFO 3672 --- [restartedMain] s.w.s.m.m.a.RequestMappingHandlerMapping : Mapped "{[/registration],methods=[POST]}" onto public java.lang.String com.example.classroom.controller.RegistrationController.addUser(java.lang.String,java.lang.String,java.lang.String,java.lang.String,java.lang.String,com.example.classroom.domain.User,java.util.Map<java.lang.String, java.lang.Object>,javax.servlet.http.HttpServletRequest)
2020-12-08 11:33:31.892  INFO 3672 --- [restartedMain] s.w.s.m.m.a.RequestMappingHandlerMapping : Mapped "{[/logout],methods=[GET]}" onto public java.lang.String com.example.classroom.controller.RegistrationController.menuuu()
2020-12-08 11:33:31.893  INFO 3672 --- [restartedMain] s.w.s.m.m.a.RequestMappingHandlerMapping : Mapped "{[/login],methods=[GET]}" onto public java.lang.String com.example.classroom.controller.RegistrationController.menu(javax.servlet.http.HttpServletRequest)
2020-12-08 11:33:31.897  INFO 3672 --- [restartedMain] s.w.s.m.m.a.RequestMappingHandlerMapping : Mapped "{[/user],methods=[GET]}" onto public java.lang.String com.example.classroom.controller.UserController.userList(org.springframework.ui.Model)
2020-12-08 11:33:31.898  INFO 3672 --- [restartedMain] s.w.s.m.m.a.RequestMappingHandlerMapping : Mapped "{[/user],methods=[POST]}" onto public java.lang.String com.example.classroom.controller.UserController.userSave(java.lang.String,java.lang.String,java.lang.String,java.lang.String,java.lang.String,java.util.Map<java.lang.String, java.lang.String>,com.example.classroom.domain.User)
2020-12-08 11:33:31.898  INFO 3672 --- [restartedMain] s.w.s.m.m.a.RequestMappingHandlerMapping : Mapped "{[/user/{user}],methods=[GET]}" onto public java.lang.String com.example.classroom.controller.UserController.userEditForm(com.example.classroom.domain.User,org.springframework.ui.Model)
2020-12-08 11:33:31.907  INFO 3672 --- [restartedMain] s.w.s.m.m.a.RequestMappingHandlerMapping : Mapped "{[/coupl],methods=[GET]}" onto public java.lang.String com.example.classroom.controller.UserMainController.m(org.springframework.ui.Model)
2020-12-08 11:33:31.908  INFO 3672 --- [restartedMain] s.w.s.m.m.a.RequestMappingHandlerMapping : Mapped "{[/coupl/myQR],methods=[GET]}" onto public java.lang.String com.example.classroom.controller.UserMainController.mh(org.springframework.ui.Model)
2020-12-08 11:33:31.908  INFO 3672 --- [restartedMain] s.w.s.m.m.a.RequestMappingHandlerMapping : Mapped "{[/coupl],methods=[POST]}" onto public java.lang.String com.example.classroom.controller.UserMainController.addSt(java.lang.String,java.lang.Long,java.lang.String,java.lang.String,java.lang.String,org.springframework.ui.Model) throws java.io.IOException
2020-12-08 11:33:31.909  INFO 3672 --- [restartedMain] s.w.s.m.m.a.RequestMappingHandlerMapping : Mapped "{[/coupl/{couples}/stop],methods=[GET]}" onto public java.lang.String com.example.classroom.controller.UserMainController.productEditFo(com.example.classroom.domain.Couples,org.springframework.ui.Model)
2020-12-08 11:33:31.910  INFO 3672 --- [restartedMain] s.w.s.m.m.a.RequestMappingHandlerMapping : Mapped "{[/coupl/{couples}],methods=[GET]}" onto public java.lang.String com.example.classroom.controller.UserMainController.productEditForm(com.example.classroom.domain.Couples,org.springframework.ui.Model)
2020-12-08 11:33:31.922  INFO 3672 --- [restartedMain] s.w.s.m.m.a.RequestMappingHandlerMapping : Mapped "{[/error]}" onto public org.springframework.http.ResponseEntity<java.util.Map<java.lang.String, java.lang.Object>> org.springframework.boot.autoconfigure.web.servlet.error.BasicErrorController.error(javax.servlet.http.HttpServletRequest)
2020-12-08 11:33:31.923  INFO 3672 --- [restartedMain] s.w.s.m.m.a.RequestMappingHandlerMapping : Mapped "{[/error],produces=[text/html]}" onto public org.springframework.web.servlet.ModelAndView org.springframework.boot.autoconfigure.web.servlet.error.BasicErrorController.errorHtml(javax.servlet.http.HttpServletRequest,javax.servlet.http.HttpServletResponse)
2020-12-08 11:33:32.043  INFO 3672 --- [restartedMain] o.s.w.s.handler.SimpleUrlHandlerMapping  : Mapped URL path [/login] onto handler of type [class org.springframework.web.servlet.mvc.ParameterizableViewController]
2020-12-08 11:33:32.206  INFO 3672 --- [restartedMain] o.s.w.s.handler.SimpleUrlHandlerMapping  : Mapped URL path [/static/**] onto handler of type [class org.springframework.web.servlet.resource.ResourceHttpRequestHandler]
2020-12-08 11:33:32.206  INFO 3672 --- [restartedMain] o.s.w.s.handler.SimpleUrlHandlerMapping  : Mapped URL path [/webjars/**] onto handler of type [class org.springframework.web.servlet.resource.ResourceHttpRequestHandler]
2020-12-08 11:33:32.207  INFO 3672 --- [restartedMain] o.s.w.s.handler.SimpleUrlHandlerMapping  : Mapped URL path [/**] onto handler of type [class org.springframework.web.servlet.resource.ResourceHttpRequestHandler]
2020-12-08 11:33:32.388  INFO 3672 --- [restartedMain] o.s.w.s.handler.SimpleUrlHandlerMapping  : Mapped URL path [/**/favicon.ico] onto handler of type [class org.springframework.web.servlet.resource.ResourceHttpRequestHandler]
2020-12-08 11:33:32.906  INFO 3672 --- [restartedMain] o.s.w.s.v.f.FreeMarkerConfigurer         : ClassTemplateLoader for Spring macros added to FreeMarker configuration
2020-12-08 11:33:33.360  INFO 3672 --- [restartedMain] o.s.b.d.a.OptionalLiveReloadServer       : LiveReload server is running on port 35729
2020-12-08 11:33:33.579  INFO 3672 --- [restartedMain] o.s.j.e.a.AnnotationMBeanExporter        : Registering beans for JMX exposure on startup
2020-12-08 11:33:33.582  INFO 3672 --- [restartedMain] o.s.j.e.a.AnnotationMBeanExporter        : Bean with name 'dataSource' has been autodetected for JMX exposure
2020-12-08 11:33:33.595  INFO 3672 --- [restartedMain] o.s.j.e.a.AnnotationMBeanExporter        : Located MBean 'dataSource': registering with JMX server as MBean [com.zaxxer.hikari:name=dataSource,type=HikariDataSource]
2020-12-08 11:33:33.671  INFO 3672 --- [restartedMain] o.s.b.w.embedded.tomcat.TomcatWebServer  : Tomcat started on port(s): 8080 (http) with context path ''
2020-12-08 11:33:33.683  INFO 3672 --- [restartedMain] com.example.classroom.Application        : Started Application in 17.984 seconds (JVM running for 20.801)
2020-12-08 11:33:38.470  INFO 3672 --- [http-nio-8080-exec-1] o.a.c.c.C.[Tomcat].[localhost].[/]       : Initializing Spring FrameworkServlet 'dispatcherServlet'
2020-12-08 11:33:38.471  INFO 3672 --- [http-nio-8080-exec-1] o.s.web.servlet.DispatcherServlet        : FrameworkServlet 'dispatcherServlet': initialization started
2020-12-08 11:33:38.515  INFO 3672 --- [http-nio-8080-exec-1] o.s.web.servlet.DispatcherServlet        : FrameworkServlet 'dispatcherServlet': initialization completed in 43 ms
2020-12-08 11:33:38.792  WARN 3672 --- [http-nio-8080-exec-1] o.a.c.util.SessionIdGeneratorBase        : Creation of SecureRandom instance for session ID generation using [SHA1PRNG] took [219] milliseconds.
2020-12-08 11:33:42.657  INFO 3672 --- [http-nio-8080-exec-6] o.h.h.i.QueryTranslatorFactoryInitiator  : HHH000397: Using ASTQueryTranslatorFactory
